<?xml version="1.0" encoding="UTF-8"?>
<testng-results skipped="0" failed="1" ignored="0" total="2" passed="1">
  <reporter-output>
  </reporter-output>
  <suite name="Default suite" duration-ms="41682" started-at="2023-04-12T16:15:55Z" finished-at="2023-04-12T16:16:37Z">
    <groups>
    </groups>
    <test name="Default test" duration-ms="41682" started-at="2023-04-12T16:15:55Z" finished-at="2023-04-12T16:16:37Z">
      <class name="TestNgProgram.ActiTimeAssignment">
        <test-method status="PASS" signature="Create()[pri:0, instance:TestNgProgram.ActiTimeAssignment@78aab498]" name="Create" duration-ms="41061" started-at="2023-04-12T21:45:55Z" finished-at="2023-04-12T21:46:36Z">
          <reporter-output>
          </reporter-output>
        </test-method> <!-- Create -->
        <test-method status="FAIL" signature="delete()[pri:0, instance:TestNgProgram.ActiTimeAssignment@78aab498]" name="delete" duration-ms="584" started-at="2023-04-12T21:46:36Z" depends-on-methods="TestNgProgram.ActiTimeAssignment.Create" finished-at="2023-04-12T21:46:37Z">
          <exception class="java.lang.NullPointerException">
            <full-stacktrace>
              <![CDATA[java.lang.NullPointerException
	at TestNgProgram.ActiTimeAssignment.delete(ActiTimeAssignment.java:63)
	at sun.reflect.NativeMethodAccessorImpl.invoke0(Native Method)
	at sun.reflect.NativeMethodAccessorImpl.invoke(Unknown Source)
	at sun.reflect.DelegatingMethodAccessorImpl.invoke(Unknown Source)
	at java.lang.reflect.Method.invoke(Unknown Source)
	at org.testng.internal.MethodInvocationHelper.invokeMethod(MethodInvocationHelper.java:108)
	at org.testng.internal.Invoker.invokeMethod(Invoker.java:661)
	at org.testng.internal.Invoker.invokeTestMethod(Invoker.java:869)
	at org.testng.internal.Invoker.invokeTestMethods(Invoker.java:1193)
	at org.testng.internal.TestMethodWorker.invokeTestMethods(TestMethodWorker.java:126)
	at org.testng.internal.TestMethodWorker.run(TestMethodWorker.java:109)
	at org.testng.TestRunner.privateRun(TestRunner.java:744)
	at org.testng.TestRunner.run(TestRunner.java:602)
	at org.testng.SuiteRunner.runTest(SuiteRunner.java:380)
	at org.testng.SuiteRunner.runSequentially(SuiteRunner.java:375)
	at org.testng.SuiteRunner.privateRun(SuiteRunner.java:340)
	at org.testng.SuiteRunner.run(SuiteRunner.java:289)
	at org.testng.SuiteRunnerWorker.runSuite(SuiteRunnerWorker.java:52)
	at org.testng.SuiteRunnerWorker.run(SuiteRunnerWorker.java:86)
	at org.testng.TestNG.runSuitesSequentially(TestNG.java:1301)
	at org.testng.TestNG.runSuitesLocally(TestNG.java:1226)
	at org.testng.TestNG.runSuites(TestNG.java:1144)
	at org.testng.TestNG.run(TestNG.java:1115)
	at org.testng.remote.AbstractRemoteTestNG.run(AbstractRemoteTestNG.java:115)
	at org.testng.remote.RemoteTestNG.initAndRun(RemoteTestNG.java:251)
	at org.testng.remote.RemoteTestNG.main(RemoteTestNG.java:77)
]]>
            </full-stacktrace>
          </exception> <!-- java.lang.NullPointerException -->
          <reporter-output>
          </reporter-output>
        </test-method> <!-- delete -->
      </class> <!-- TestNgProgram.ActiTimeAssignment -->
    </test> <!-- Default test -->
  </suite> <!-- Default suite -->
</testng-results>
